  Note.cpp
C:\Users\gus66\OneDrive\문서\GitHub\OpenGL-Rhythm-Game\OpenGL Project\Note.cpp(9,15): warning C4244: 'return': 'unsigned int'에서 'float'(으)로 변환하면서 데이터가 손실될 수 있습니다.
C:\Users\gus66\OneDrive\문서\GitHub\OpenGL-Rhythm-Game\OpenGL Project\Note.cpp(21,27): warning C4018: '<': signed 또는 unsigned가 일치하지 않습니다.
C:\Users\gus66\OneDrive\문서\GitHub\OpenGL-Rhythm-Game\OpenGL Project\Note.cpp(21,62): warning C4018: '>=': signed 또는 unsigned가 일치하지 않습니다.
  Round.cpp
C:\Users\gus66\OneDrive\문서\GitHub\OpenGL-Rhythm-Game\OpenGL Project\Round.cpp(121,24): warning C4305: '인수': 'double'에서 'GLfloat'(으)로 잘립니다.
C:\Users\gus66\OneDrive\문서\GitHub\OpenGL-Rhythm-Game\OpenGL Project\Round.cpp(132,24): warning C4305: '인수': 'double'에서 'GLfloat'(으)로 잘립니다.
C:\Users\gus66\OneDrive\문서\GitHub\OpenGL-Rhythm-Game\OpenGL Project\Round.cpp(142,24): warning C4305: '인수': 'double'에서 'GLfloat'(으)로 잘립니다.
C:\Users\gus66\OneDrive\문서\GitHub\OpenGL-Rhythm-Game\OpenGL Project\Round.cpp(152,24): warning C4305: '인수': 'double'에서 'GLfloat'(으)로 잘립니다.
C:\Users\gus66\OneDrive\문서\GitHub\OpenGL-Rhythm-Game\OpenGL Project\Round.cpp(117,8): warning C4101: 'c' :참조되지 않은 지역 변수입니다.
C:\Users\gus66\OneDrive\문서\GitHub\OpenGL-Rhythm-Game\OpenGL Project\Round.cpp(174,17): warning C4244: '인수': 'int'에서 'GLfloat'(으)로 변환하면서 데이터가 손실될 수 있습니다.
C:\Users\gus66\OneDrive\문서\GitHub\OpenGL-Rhythm-Game\OpenGL Project\Round.cpp(175,17): warning C4244: '인수': 'int'에서 'GLfloat'(으)로 변환하면서 데이터가 손실될 수 있습니다.
C:\Users\gus66\OneDrive\문서\GitHub\OpenGL-Rhythm-Game\OpenGL Project\Round.cpp(209,16): warning C4244: '초기화 중': 'float'에서 'int'(으)로 변환하면서 데이터가 손실될 수 있습니다.
C:\Users\gus66\OneDrive\문서\GitHub\OpenGL-Rhythm-Game\OpenGL Project\Round.cpp(226,17): warning C4244: '인수': 'int'에서 'GLfloat'(으)로 변환하면서 데이터가 손실될 수 있습니다.
C:\Users\gus66\OneDrive\문서\GitHub\OpenGL-Rhythm-Game\OpenGL Project\Round.cpp(228,17): warning C4244: '인수': 'int'에서 'GLfloat'(으)로 변환하면서 데이터가 손실될 수 있습니다.
C:\Users\gus66\OneDrive\문서\GitHub\OpenGL-Rhythm-Game\OpenGL Project\Round.cpp(230,17): warning C4244: '인수': 'int'에서 'GLfloat'(으)로 변환하면서 데이터가 손실될 수 있습니다.
C:\Users\gus66\OneDrive\문서\GitHub\OpenGL-Rhythm-Game\OpenGL Project\Round.cpp(232,17): warning C4244: '인수': 'int'에서 'GLfloat'(으)로 변환하면서 데이터가 손실될 수 있습니다.
  Window.cpp
  main.cpp
  코드를 생성하고 있습니다...
  OpenGL Project.vcxproj -> C:\Users\gus66\OneDrive\문서\GitHub\OpenGL-Rhythm-Game\x64\Debug\OpenGL Project.exe
