  GameWindow.cpp
C:\Users\test\source\repos\OpenGL Project\OpenGL Project\Note.h(27,74): warning C4018: '<': signed/unsigned mismatch
C:\Users\test\source\repos\OpenGL Project\OpenGL Project\Note.h(27,110): warning C4018: '>=': signed/unsigned mismatch
C:\Users\test\source\repos\OpenGL Project\OpenGL Project\Note.h(28,82): warning C4018: '<': signed/unsigned mismatch
C:\Users\test\source\repos\OpenGL Project\OpenGL Project\Note.h(41,74): warning C4018: '<': signed/unsigned mismatch
C:\Users\test\source\repos\OpenGL Project\OpenGL Project\Note.h(41,107): warning C4018: '>=': signed/unsigned mismatch
C:\Users\test\source\repos\OpenGL Project\OpenGL Project\Note.h(42,80): warning C4018: '<': signed/unsigned mismatch
C:\Users\test\source\repos\OpenGL Project\OpenGL Project\Note.h(55,74): warning C4018: '<': signed/unsigned mismatch
C:\Users\test\source\repos\OpenGL Project\OpenGL Project\Note.h(55,110): warning C4018: '>=': signed/unsigned mismatch
C:\Users\test\source\repos\OpenGL Project\OpenGL Project\Note.h(56,82): warning C4018: '<': signed/unsigned mismatch
C:\Users\test\source\repos\OpenGL Project\OpenGL Project\Note.h(72,74): warning C4018: '<': signed/unsigned mismatch
C:\Users\test\source\repos\OpenGL Project\OpenGL Project\Note.h(72,107): warning C4018: '>=': signed/unsigned mismatch
C:\Users\test\source\repos\OpenGL Project\OpenGL Project\Note.h(73,79): warning C4018: '<': signed/unsigned mismatch
C:\Users\test\source\repos\OpenGL Project\OpenGL Project\Note.h(88,74): warning C4018: '<': signed/unsigned mismatch
C:\Users\test\source\repos\OpenGL Project\OpenGL Project\Note.h(88,110): warning C4018: '>=': signed/unsigned mismatch
C:\Users\test\source\repos\OpenGL Project\OpenGL Project\Note.h(89,82): warning C4018: '<': signed/unsigned mismatch
  MainScene.cpp
C:\Users\test\source\repos\OpenGL Project\OpenGL Project\Note.h(27,74): warning C4018: '<': signed/unsigned mismatch
C:\Users\test\source\repos\OpenGL Project\OpenGL Project\Note.h(27,110): warning C4018: '>=': signed/unsigned mismatch
C:\Users\test\source\repos\OpenGL Project\OpenGL Project\Note.h(28,82): warning C4018: '<': signed/unsigned mismatch
C:\Users\test\source\repos\OpenGL Project\OpenGL Project\Note.h(41,74): warning C4018: '<': signed/unsigned mismatch
C:\Users\test\source\repos\OpenGL Project\OpenGL Project\Note.h(41,107): warning C4018: '>=': signed/unsigned mismatch
C:\Users\test\source\repos\OpenGL Project\OpenGL Project\Note.h(42,80): warning C4018: '<': signed/unsigned mismatch
C:\Users\test\source\repos\OpenGL Project\OpenGL Project\Note.h(55,74): warning C4018: '<': signed/unsigned mismatch
C:\Users\test\source\repos\OpenGL Project\OpenGL Project\Note.h(55,110): warning C4018: '>=': signed/unsigned mismatch
C:\Users\test\source\repos\OpenGL Project\OpenGL Project\Note.h(56,82): warning C4018: '<': signed/unsigned mismatch
C:\Users\test\source\repos\OpenGL Project\OpenGL Project\Note.h(72,74): warning C4018: '<': signed/unsigned mismatch
C:\Users\test\source\repos\OpenGL Project\OpenGL Project\Note.h(72,107): warning C4018: '>=': signed/unsigned mismatch
C:\Users\test\source\repos\OpenGL Project\OpenGL Project\Note.h(73,79): warning C4018: '<': signed/unsigned mismatch
C:\Users\test\source\repos\OpenGL Project\OpenGL Project\Note.h(88,74): warning C4018: '<': signed/unsigned mismatch
C:\Users\test\source\repos\OpenGL Project\OpenGL Project\Note.h(88,110): warning C4018: '>=': signed/unsigned mismatch
C:\Users\test\source\repos\OpenGL Project\OpenGL Project\Note.h(89,82): warning C4018: '<': signed/unsigned mismatch
  Note.cpp
C:\Users\test\source\repos\OpenGL Project\OpenGL Project\Note.h(27,74): warning C4018: '<': signed/unsigned mismatch
C:\Users\test\source\repos\OpenGL Project\OpenGL Project\Note.h(27,110): warning C4018: '>=': signed/unsigned mismatch
C:\Users\test\source\repos\OpenGL Project\OpenGL Project\Note.h(28,82): warning C4018: '<': signed/unsigned mismatch
C:\Users\test\source\repos\OpenGL Project\OpenGL Project\Note.h(41,74): warning C4018: '<': signed/unsigned mismatch
C:\Users\test\source\repos\OpenGL Project\OpenGL Project\Note.h(41,107): warning C4018: '>=': signed/unsigned mismatch
C:\Users\test\source\repos\OpenGL Project\OpenGL Project\Note.h(42,80): warning C4018: '<': signed/unsigned mismatch
C:\Users\test\source\repos\OpenGL Project\OpenGL Project\Note.h(55,74): warning C4018: '<': signed/unsigned mismatch
C:\Users\test\source\repos\OpenGL Project\OpenGL Project\Note.h(55,110): warning C4018: '>=': signed/unsigned mismatch
C:\Users\test\source\repos\OpenGL Project\OpenGL Project\Note.h(56,82): warning C4018: '<': signed/unsigned mismatch
C:\Users\test\source\repos\OpenGL Project\OpenGL Project\Note.h(72,74): warning C4018: '<': signed/unsigned mismatch
C:\Users\test\source\repos\OpenGL Project\OpenGL Project\Note.h(72,107): warning C4018: '>=': signed/unsigned mismatch
C:\Users\test\source\repos\OpenGL Project\OpenGL Project\Note.h(73,79): warning C4018: '<': signed/unsigned mismatch
C:\Users\test\source\repos\OpenGL Project\OpenGL Project\Note.h(88,74): warning C4018: '<': signed/unsigned mismatch
C:\Users\test\source\repos\OpenGL Project\OpenGL Project\Note.h(88,110): warning C4018: '>=': signed/unsigned mismatch
C:\Users\test\source\repos\OpenGL Project\OpenGL Project\Note.h(89,82): warning C4018: '<': signed/unsigned mismatch
  ResultScene.cpp
C:\Users\test\source\repos\OpenGL Project\OpenGL Project\Note.h(27,74): warning C4018: '<': signed/unsigned mismatch
C:\Users\test\source\repos\OpenGL Project\OpenGL Project\Note.h(27,110): warning C4018: '>=': signed/unsigned mismatch
C:\Users\test\source\repos\OpenGL Project\OpenGL Project\Note.h(28,82): warning C4018: '<': signed/unsigned mismatch
C:\Users\test\source\repos\OpenGL Project\OpenGL Project\Note.h(41,74): warning C4018: '<': signed/unsigned mismatch
C:\Users\test\source\repos\OpenGL Project\OpenGL Project\Note.h(41,107): warning C4018: '>=': signed/unsigned mismatch
C:\Users\test\source\repos\OpenGL Project\OpenGL Project\Note.h(42,80): warning C4018: '<': signed/unsigned mismatch
C:\Users\test\source\repos\OpenGL Project\OpenGL Project\Note.h(55,74): warning C4018: '<': signed/unsigned mismatch
C:\Users\test\source\repos\OpenGL Project\OpenGL Project\Note.h(55,110): warning C4018: '>=': signed/unsigned mismatch
C:\Users\test\source\repos\OpenGL Project\OpenGL Project\Note.h(56,82): warning C4018: '<': signed/unsigned mismatch
C:\Users\test\source\repos\OpenGL Project\OpenGL Project\Note.h(72,74): warning C4018: '<': signed/unsigned mismatch
C:\Users\test\source\repos\OpenGL Project\OpenGL Project\Note.h(72,107): warning C4018: '>=': signed/unsigned mismatch
C:\Users\test\source\repos\OpenGL Project\OpenGL Project\Note.h(73,79): warning C4018: '<': signed/unsigned mismatch
C:\Users\test\source\repos\OpenGL Project\OpenGL Project\Note.h(88,74): warning C4018: '<': signed/unsigned mismatch
C:\Users\test\source\repos\OpenGL Project\OpenGL Project\Note.h(88,110): warning C4018: '>=': signed/unsigned mismatch
C:\Users\test\source\repos\OpenGL Project\OpenGL Project\Note.h(89,82): warning C4018: '<': signed/unsigned mismatch
C:\Users\test\source\repos\OpenGL Project\OpenGL Project\ResultScene.cpp(29,43): warning C4244: '=': conversion from 'int' to 'float', possible loss of data
C:\Users\test\source\repos\OpenGL Project\OpenGL Project\ResultScene.cpp(30,45): warning C4244: '=': conversion from 'int' to 'float', possible loss of data
C:\Users\test\source\repos\OpenGL Project\OpenGL Project\ResultScene.cpp(31,43): warning C4244: '=': conversion from 'int' to 'float', possible loss of data
C:\Users\test\source\repos\OpenGL Project\OpenGL Project\ResultScene.cpp(32,44): warning C4244: '=': conversion from 'int' to 'float', possible loss of data
  RoundScene.cpp
C:\Users\test\source\repos\OpenGL Project\OpenGL Project\Note.h(27,74): warning C4018: '<': signed/unsigned mismatch
C:\Users\test\source\repos\OpenGL Project\OpenGL Project\Note.h(27,110): warning C4018: '>=': signed/unsigned mismatch
C:\Users\test\source\repos\OpenGL Project\OpenGL Project\Note.h(28,82): warning C4018: '<': signed/unsigned mismatch
C:\Users\test\source\repos\OpenGL Project\OpenGL Project\Note.h(41,74): warning C4018: '<': signed/unsigned mismatch
C:\Users\test\source\repos\OpenGL Project\OpenGL Project\Note.h(41,107): warning C4018: '>=': signed/unsigned mismatch
C:\Users\test\source\repos\OpenGL Project\OpenGL Project\Note.h(42,80): warning C4018: '<': signed/unsigned mismatch
C:\Users\test\source\repos\OpenGL Project\OpenGL Project\Note.h(55,74): warning C4018: '<': signed/unsigned mismatch
C:\Users\test\source\repos\OpenGL Project\OpenGL Project\Note.h(55,110): warning C4018: '>=': signed/unsigned mismatch
C:\Users\test\source\repos\OpenGL Project\OpenGL Project\Note.h(56,82): warning C4018: '<': signed/unsigned mismatch
C:\Users\test\source\repos\OpenGL Project\OpenGL Project\Note.h(72,74): warning C4018: '<': signed/unsigned mismatch
C:\Users\test\source\repos\OpenGL Project\OpenGL Project\Note.h(72,107): warning C4018: '>=': signed/unsigned mismatch
C:\Users\test\source\repos\OpenGL Project\OpenGL Project\Note.h(73,79): warning C4018: '<': signed/unsigned mismatch
C:\Users\test\source\repos\OpenGL Project\OpenGL Project\Note.h(88,74): warning C4018: '<': signed/unsigned mismatch
C:\Users\test\source\repos\OpenGL Project\OpenGL Project\Note.h(88,110): warning C4018: '>=': signed/unsigned mismatch
C:\Users\test\source\repos\OpenGL Project\OpenGL Project\Note.h(89,82): warning C4018: '<': signed/unsigned mismatch
C:\Users\test\source\repos\OpenGL Project\OpenGL Project\RoundScene.cpp(104,52): warning C4244: 'argument': conversion from 'float' to 'int', possible loss of data
C:\Users\test\source\repos\OpenGL Project\OpenGL Project\RoundScene.cpp(105,52): warning C4244: 'argument': conversion from 'float' to 'int', possible loss of data
C:\Users\test\source\repos\OpenGL Project\OpenGL Project\RoundScene.cpp(106,52): warning C4244: 'argument': conversion from 'float' to 'int', possible loss of data
C:\Users\test\source\repos\OpenGL Project\OpenGL Project\RoundScene.cpp(107,52): warning C4244: 'argument': conversion from 'float' to 'int', possible loss of data
C:\Users\test\source\repos\OpenGL Project\OpenGL Project\RoundScene.cpp(108,52): warning C4244: 'argument': conversion from 'float' to 'int', possible loss of data
C:\Users\test\source\repos\OpenGL Project\OpenGL Project\RoundScene.cpp(109,52): warning C4244: 'argument': conversion from 'float' to 'int', possible loss of data
C:\Users\test\source\repos\OpenGL Project\OpenGL Project\RoundScene.cpp(110,52): warning C4244: 'argument': conversion from 'float' to 'int', possible loss of data
C:\Users\test\source\repos\OpenGL Project\OpenGL Project\RoundScene.cpp(116,53): warning C4244: 'argument': conversion from 'float' to 'int', possible loss of data
C:\Users\test\source\repos\OpenGL Project\OpenGL Project\RoundScene.cpp(117,53): warning C4244: 'argument': conversion from 'float' to 'int', possible loss of data
C:\Users\test\source\repos\OpenGL Project\OpenGL Project\RoundScene.cpp(118,53): warning C4244: 'argument': conversion from 'float' to 'int', possible loss of data
C:\Users\test\source\repos\OpenGL Project\OpenGL Project\RoundScene.cpp(119,53): warning C4244: 'argument': conversion from 'float' to 'int', possible loss of data
C:\Users\test\source\repos\OpenGL Project\OpenGL Project\RoundScene.cpp(120,53): warning C4244: 'argument': conversion from 'float' to 'int', possible loss of data
C:\Users\test\source\repos\OpenGL Project\OpenGL Project\RoundScene.cpp(121,53): warning C4244: 'argument': conversion from 'float' to 'int', possible loss of data
C:\Users\test\source\repos\OpenGL Project\OpenGL Project\RoundScene.cpp(122,53): warning C4244: 'argument': conversion from 'float' to 'int', possible loss of data
C:\Users\test\source\repos\OpenGL Project\OpenGL Project\RoundScene.cpp(126,53): warning C4244: 'argument': conversion from 'float' to 'int', possible loss of data
C:\Users\test\source\repos\OpenGL Project\OpenGL Project\RoundScene.cpp(127,53): warning C4244: 'argument': conversion from 'float' to 'int', possible loss of data
C:\Users\test\source\repos\OpenGL Project\OpenGL Project\RoundScene.cpp(128,53): warning C4244: 'argument': conversion from 'float' to 'int', possible loss of data
C:\Users\test\source\repos\OpenGL Project\OpenGL Project\RoundScene.cpp(129,53): warning C4244: 'argument': conversion from 'float' to 'int', possible loss of data
C:\Users\test\source\repos\OpenGL Project\OpenGL Project\RoundScene.cpp(130,53): warning C4244: 'argument': conversion from 'float' to 'int', possible loss of data
C:\Users\test\source\repos\OpenGL Project\OpenGL Project\RoundScene.cpp(131,53): warning C4244: 'argument': conversion from 'float' to 'int', possible loss of data
C:\Users\test\source\repos\OpenGL Project\OpenGL Project\RoundScene.cpp(132,53): warning C4244: 'argument': conversion from 'float' to 'int', possible loss of data
C:\Users\test\source\repos\OpenGL Project\OpenGL Project\RoundScene.cpp(136,53): warning C4244: 'argument': conversion from 'float' to 'int', possible loss of data
C:\Users\test\source\repos\OpenGL Project\OpenGL Project\RoundScene.cpp(137,53): warning C4244: 'argument': conversion from 'float' to 'int', possible loss of data
C:\Users\test\source\repos\OpenGL Project\OpenGL Project\RoundScene.cpp(138,53): warning C4244: 'argument': conversion from 'float' to 'int', possible loss of data
C:\Users\test\source\repos\OpenGL Project\OpenGL Project\RoundScene.cpp(139,53): warning C4244: 'argument': conversion from 'float' to 'int', possible loss of data
C:\Users\test\source\repos\OpenGL Project\OpenGL Project\RoundScene.cpp(140,53): warning C4244: 'argument': conversion from 'float' to 'int', possible loss of data
C:\Users\test\source\repos\OpenGL Project\OpenGL Project\RoundScene.cpp(141,53): warning C4244: 'argument': conversion from 'float' to 'int', possible loss of data
C:\Users\test\source\repos\OpenGL Project\OpenGL Project\RoundScene.cpp(142,53): warning C4244: 'argument': conversion from 'float' to 'int', possible loss of data
C:\Users\test\source\repos\OpenGL Project\OpenGL Project\RoundScene.cpp(146,53): warning C4244: 'argument': conversion from 'float' to 'int', possible loss of data
C:\Users\test\source\repos\OpenGL Project\OpenGL Project\RoundScene.cpp(147,53): warning C4244: 'argument': conversion from 'float' to 'int', possible loss of data
C:\Users\test\source\repos\OpenGL Project\OpenGL Project\RoundScene.cpp(148,53): warning C4244: 'argument': conversion from 'float' to 'int', possible loss of data
C:\Users\test\source\repos\OpenGL Project\OpenGL Project\RoundScene.cpp(149,53): warning C4244: 'argument': conversion from 'float' to 'int', possible loss of data
C:\Users\test\source\repos\OpenGL Project\OpenGL Project\RoundScene.cpp(150,53): warning C4244: 'argument': conversion from 'float' to 'int', possible loss of data
C:\Users\test\source\repos\OpenGL Project\OpenGL Project\RoundScene.cpp(151,53): warning C4244: 'argument': conversion from 'float' to 'int', possible loss of data
C:\Users\test\source\repos\OpenGL Project\OpenGL Project\RoundScene.cpp(152,53): warning C4244: 'argument': conversion from 'float' to 'int', possible loss of data
C:\Users\test\source\repos\OpenGL Project\OpenGL Project\RoundScene.cpp(156,53): warning C4244: 'argument': conversion from 'float' to 'int', possible loss of data
C:\Users\test\source\repos\OpenGL Project\OpenGL Project\RoundScene.cpp(157,53): warning C4244: 'argument': conversion from 'float' to 'int', possible loss of data
C:\Users\test\source\repos\OpenGL Project\OpenGL Project\RoundScene.cpp(158,53): warning C4244: 'argument': conversion from 'float' to 'int', possible loss of data
C:\Users\test\source\repos\OpenGL Project\OpenGL Project\RoundScene.cpp(159,53): warning C4244: 'argument': conversion from 'float' to 'int', possible loss of data
C:\Users\test\source\repos\OpenGL Project\OpenGL Project\RoundScene.cpp(160,53): warning C4244: 'argument': conversion from 'float' to 'int', possible loss of data
C:\Users\test\source\repos\OpenGL Project\OpenGL Project\RoundScene.cpp(161,53): warning C4244: 'argument': conversion from 'float' to 'int', possible loss of data
C:\Users\test\source\repos\OpenGL Project\OpenGL Project\RoundScene.cpp(162,53): warning C4244: 'argument': conversion from 'float' to 'int', possible loss of data
C:\Users\test\source\repos\OpenGL Project\OpenGL Project\RoundScene.cpp(166,53): warning C4244: 'argument': conversion from 'float' to 'int', possible loss of data
C:\Users\test\source\repos\OpenGL Project\OpenGL Project\RoundScene.cpp(167,53): warning C4244: 'argument': conversion from 'float' to 'int', possible loss of data
C:\Users\test\source\repos\OpenGL Project\OpenGL Project\RoundScene.cpp(168,53): warning C4244: 'argument': conversion from 'float' to 'int', possible loss of data
C:\Users\test\source\repos\OpenGL Project\OpenGL Project\RoundScene.cpp(169,53): warning C4244: 'argument': conversion from 'float' to 'int', possible loss of data
C:\Users\test\source\repos\OpenGL Project\OpenGL Project\RoundScene.cpp(170,53): warning C4244: 'argument': conversion from 'float' to 'int', possible loss of data
C:\Users\test\source\repos\OpenGL Project\OpenGL Project\RoundScene.cpp(171,53): warning C4244: 'argument': conversion from 'float' to 'int', possible loss of data
C:\Users\test\source\repos\OpenGL Project\OpenGL Project\RoundScene.cpp(172,53): warning C4244: 'argument': conversion from 'float' to 'int', possible loss of data
C:\Users\test\source\repos\OpenGL Project\OpenGL Project\RoundScene.cpp(176,53): warning C4244: 'argument': conversion from 'float' to 'int', possible loss of data
C:\Users\test\source\repos\OpenGL Project\OpenGL Project\RoundScene.cpp(177,53): warning C4244: 'argument': conversion from 'float' to 'int', possible loss of data
C:\Users\test\source\repos\OpenGL Project\OpenGL Project\RoundScene.cpp(178,53): warning C4244: 'argument': conversion from 'float' to 'int', possible loss of data
C:\Users\test\source\repos\OpenGL Project\OpenGL Project\RoundScene.cpp(179,53): warning C4244: 'argument': conversion from 'float' to 'int', possible loss of data
C:\Users\test\source\repos\OpenGL Project\OpenGL Project\RoundScene.cpp(180,53): warning C4244: 'argument': conversion from 'float' to 'int', possible loss of data
C:\Users\test\source\repos\OpenGL Project\OpenGL Project\RoundScene.cpp(181,53): warning C4244: 'argument': conversion from 'float' to 'int', possible loss of data
C:\Users\test\source\repos\OpenGL Project\OpenGL Project\RoundScene.cpp(182,53): warning C4244: 'argument': conversion from 'float' to 'int', possible loss of data
C:\Users\test\source\repos\OpenGL Project\OpenGL Project\RoundScene.cpp(186,53): warning C4244: 'argument': conversion from 'float' to 'int', possible loss of data
C:\Users\test\source\repos\OpenGL Project\OpenGL Project\RoundScene.cpp(187,53): warning C4244: 'argument': conversion from 'float' to 'int', possible loss of data
C:\Users\test\source\repos\OpenGL Project\OpenGL Project\RoundScene.cpp(188,53): warning C4244: 'argument': conversion from 'float' to 'int', possible loss of data
C:\Users\test\source\repos\OpenGL Project\OpenGL Project\RoundScene.cpp(189,53): warning C4244: 'argument': conversion from 'float' to 'int', possible loss of data
C:\Users\test\source\repos\OpenGL Project\OpenGL Project\RoundScene.cpp(190,53): warning C4244: 'argument': conversion from 'float' to 'int', possible loss of data
C:\Users\test\source\repos\OpenGL Project\OpenGL Project\RoundScene.cpp(191,53): warning C4244: 'argument': conversion from 'float' to 'int', possible loss of data
C:\Users\test\source\repos\OpenGL Project\OpenGL Project\RoundScene.cpp(192,53): warning C4244: 'argument': conversion from 'float' to 'int', possible loss of data
C:\Users\test\source\repos\OpenGL Project\OpenGL Project\RoundScene.cpp(196,53): warning C4244: 'argument': conversion from 'float' to 'int', possible loss of data
C:\Users\test\source\repos\OpenGL Project\OpenGL Project\RoundScene.cpp(197,53): warning C4244: 'argument': conversion from 'float' to 'int', possible loss of data
C:\Users\test\source\repos\OpenGL Project\OpenGL Project\RoundScene.cpp(198,53): warning C4244: 'argument': conversion from 'float' to 'int', possible loss of data
C:\Users\test\source\repos\OpenGL Project\OpenGL Project\RoundScene.cpp(199,53): warning C4244: 'argument': conversion from 'float' to 'int', possible loss of data
C:\Users\test\source\repos\OpenGL Project\OpenGL Project\RoundScene.cpp(200,53): warning C4244: 'argument': conversion from 'float' to 'int', possible loss of data
C:\Users\test\source\repos\OpenGL Project\OpenGL Project\RoundScene.cpp(201,53): warning C4244: 'argument': conversion from 'float' to 'int', possible loss of data
C:\Users\test\source\repos\OpenGL Project\OpenGL Project\RoundScene.cpp(202,53): warning C4244: 'argument': conversion from 'float' to 'int', possible loss of data
C:\Users\test\source\repos\OpenGL Project\OpenGL Project\RoundScene.cpp(220,25): warning C4244: '=': conversion from 'double' to 'int', possible loss of data
C:\Users\test\source\repos\OpenGL Project\OpenGL Project\RoundScene.cpp(323,40): warning C4244: '=': conversion from 'double' to 'float', possible loss of data
C:\Users\test\source\repos\OpenGL Project\OpenGL Project\RoundScene.cpp(330,40): warning C4244: '=': conversion from 'double' to 'float', possible loss of data
C:\Users\test\source\repos\OpenGL Project\OpenGL Project\RoundScene.cpp(336,40): warning C4244: '=': conversion from 'double' to 'float', possible loss of data
C:\Users\test\source\repos\OpenGL Project\OpenGL Project\RoundScene.cpp(343,15): warning C4244: '=': conversion from 'double' to 'float', possible loss of data
C:\Users\test\source\repos\OpenGL Project\OpenGL Project\RoundScene.cpp(354,10): warning C4244: 'initializing': conversion from 'float' to 'int', possible loss of data
C:\Users\test\source\repos\OpenGL Project\OpenGL Project\RoundScene.cpp(369,22): warning C4305: '+=': truncation from 'double' to 'float'
C:\Users\test\source\repos\OpenGL Project\OpenGL Project\RoundScene.cpp(373,40): warning C4244: '=': conversion from 'double' to 'float', possible loss of data
C:\Users\test\source\repos\OpenGL Project\OpenGL Project\RoundScene.cpp(376,22): warning C4305: '+=': truncation from 'double' to 'float'
C:\Users\test\source\repos\OpenGL Project\OpenGL Project\RoundScene.cpp(380,40): warning C4244: '=': conversion from 'double' to 'float', possible loss of data
C:\Users\test\source\repos\OpenGL Project\OpenGL Project\RoundScene.cpp(386,40): warning C4244: '=': conversion from 'double' to 'float', possible loss of data
C:\Users\test\source\repos\OpenGL Project\OpenGL Project\RoundScene.cpp(393,15): warning C4244: '=': conversion from 'double' to 'float', possible loss of data
C:\Users\test\source\repos\OpenGL Project\OpenGL Project\RoundScene.cpp(402,10): warning C4244: 'initializing': conversion from 'float' to 'int', possible loss of data
C:\Users\test\source\repos\OpenGL Project\OpenGL Project\RoundScene.cpp(434,25): warning C4305: '-=': truncation from 'double' to 'float'
C:\Users\test\source\repos\OpenGL Project\OpenGL Project\RoundScene.cpp(439,25): warning C4305: '+=': truncation from 'double' to 'float'
C:\Users\test\source\repos\OpenGL Project\OpenGL Project\RoundScene.cpp(445,25): warning C4305: '-=': truncation from 'double' to 'float'
C:\Users\test\source\repos\OpenGL Project\OpenGL Project\RoundScene.cpp(449,25): warning C4305: '+=': truncation from 'double' to 'float'
C:\Users\test\source\repos\OpenGL Project\OpenGL Project\RoundScene.cpp(626,24): warning C4305: 'argument': truncation from 'double' to 'GLfloat'
C:\Users\test\source\repos\OpenGL Project\OpenGL Project\RoundScene.cpp(637,24): warning C4305: 'argument': truncation from 'double' to 'GLfloat'
C:\Users\test\source\repos\OpenGL Project\OpenGL Project\RoundScene.cpp(647,24): warning C4305: 'argument': truncation from 'double' to 'GLfloat'
C:\Users\test\source\repos\OpenGL Project\OpenGL Project\RoundScene.cpp(657,24): warning C4305: 'argument': truncation from 'double' to 'GLfloat'
C:\Users\test\source\repos\OpenGL Project\OpenGL Project\RoundScene.cpp(700,24): warning C4305: 'argument': truncation from 'double' to 'GLfloat'
C:\Users\test\source\repos\OpenGL Project\OpenGL Project\RoundScene.cpp(709,24): warning C4305: 'argument': truncation from 'double' to 'GLfloat'
C:\Users\test\source\repos\OpenGL Project\OpenGL Project\RoundScene.cpp(718,24): warning C4305: 'argument': truncation from 'double' to 'GLfloat'
C:\Users\test\source\repos\OpenGL Project\OpenGL Project\RoundScene.cpp(727,24): warning C4305: 'argument': truncation from 'double' to 'GLfloat'
C:\Users\test\source\repos\OpenGL Project\OpenGL Project\RoundScene.cpp(778,17): warning C4244: 'argument': conversion from 'int' to 'GLfloat', possible loss of data
C:\Users\test\source\repos\OpenGL Project\OpenGL Project\RoundScene.cpp(779,17): warning C4244: 'argument': conversion from 'int' to 'GLfloat', possible loss of data
C:\Users\test\source\repos\OpenGL Project\OpenGL Project\RoundScene.cpp(854,17): warning C4244: 'argument': conversion from 'int' to 'GLfloat', possible loss of data
C:\Users\test\source\repos\OpenGL Project\OpenGL Project\RoundScene.cpp(856,17): warning C4244: 'argument': conversion from 'int' to 'GLfloat', possible loss of data
C:\Users\test\source\repos\OpenGL Project\OpenGL Project\RoundScene.cpp(858,17): warning C4244: 'argument': conversion from 'int' to 'GLfloat', possible loss of data
C:\Users\test\source\repos\OpenGL Project\OpenGL Project\RoundScene.cpp(860,17): warning C4244: 'argument': conversion from 'int' to 'GLfloat', possible loss of data
C:\Users\test\source\repos\OpenGL Project\OpenGL Project\RoundScene.cpp(879,16): warning C4244: 'initializing': conversion from 'int' to 'float', possible loss of data
C:\Users\test\source\repos\OpenGL Project\OpenGL Project\RoundScene.cpp(908,26): warning C4244: '=': conversion from 'float' to 'int', possible loss of data
  TutorialScene.cpp
C:\Users\test\source\repos\OpenGL Project\OpenGL Project\Note.h(27,74): warning C4018: '<': signed/unsigned mismatch
C:\Users\test\source\repos\OpenGL Project\OpenGL Project\Note.h(27,110): warning C4018: '>=': signed/unsigned mismatch
C:\Users\test\source\repos\OpenGL Project\OpenGL Project\Note.h(28,82): warning C4018: '<': signed/unsigned mismatch
C:\Users\test\source\repos\OpenGL Project\OpenGL Project\Note.h(41,74): warning C4018: '<': signed/unsigned mismatch
C:\Users\test\source\repos\OpenGL Project\OpenGL Project\Note.h(41,107): warning C4018: '>=': signed/unsigned mismatch
C:\Users\test\source\repos\OpenGL Project\OpenGL Project\Note.h(42,80): warning C4018: '<': signed/unsigned mismatch
C:\Users\test\source\repos\OpenGL Project\OpenGL Project\Note.h(55,74): warning C4018: '<': signed/unsigned mismatch
C:\Users\test\source\repos\OpenGL Project\OpenGL Project\Note.h(55,110): warning C4018: '>=': signed/unsigned mismatch
C:\Users\test\source\repos\OpenGL Project\OpenGL Project\Note.h(56,82): warning C4018: '<': signed/unsigned mismatch
C:\Users\test\source\repos\OpenGL Project\OpenGL Project\Note.h(72,74): warning C4018: '<': signed/unsigned mismatch
C:\Users\test\source\repos\OpenGL Project\OpenGL Project\Note.h(72,107): warning C4018: '>=': signed/unsigned mismatch
C:\Users\test\source\repos\OpenGL Project\OpenGL Project\Note.h(73,79): warning C4018: '<': signed/unsigned mismatch
C:\Users\test\source\repos\OpenGL Project\OpenGL Project\Note.h(88,74): warning C4018: '<': signed/unsigned mismatch
C:\Users\test\source\repos\OpenGL Project\OpenGL Project\Note.h(88,110): warning C4018: '>=': signed/unsigned mismatch
C:\Users\test\source\repos\OpenGL Project\OpenGL Project\Note.h(89,82): warning C4018: '<': signed/unsigned mismatch
C:\Users\test\source\repos\OpenGL Project\OpenGL Project\TutorialScene.cpp(16,43): warning C4244: '=': conversion from 'int' to 'float', possible loss of data
C:\Users\test\source\repos\OpenGL Project\OpenGL Project\TutorialScene.cpp(17,45): warning C4244: '=': conversion from 'int' to 'float', possible loss of data
C:\Users\test\source\repos\OpenGL Project\OpenGL Project\TutorialScene.cpp(18,43): warning C4244: '=': conversion from 'int' to 'float', possible loss of data
C:\Users\test\source\repos\OpenGL Project\OpenGL Project\TutorialScene.cpp(19,45): warning C4244: '=': conversion from 'int' to 'float', possible loss of data
C:\Users\test\source\repos\OpenGL Project\OpenGL Project\TutorialScene.cpp(239,36): warning C4244: '=': conversion from 'double' to 'float', possible loss of data
C:\Users\test\source\repos\OpenGL Project\OpenGL Project\TutorialScene.cpp(240,37): warning C4244: '=': conversion from 'double' to 'float', possible loss of data
  main.cpp
  Generating code
  Previous IPDB and IOBJ mismatch, fall back to full compilation.
  All 580 functions were compiled because no usable IPDB/IOBJ from previous compilation was found.
  Finished generating code
  OpenGL Project.vcxproj -> C:\Users\test\source\repos\OpenGL Project\x64\Release\OpenGL Project.exe
